2024-09-04 16:25:02,849 Using selector: EpollSelector
2024-09-04 16:25:03,612 Error: BrowserType.launch: Target page, context or browser has been closed
Browser logs:

<launching> /home/runner/.cache/ms-playwright/chromium-1129/chrome-linux/chrome --disable-field-trial-config --disable-background-networking --disable-background-timer-throttling --disable-backgrounding-occluded-windows --disable-back-forward-cache --disable-breakpad --disable-client-side-phishing-detection --disable-component-extensions-with-background-pages --disable-component-update --no-default-browser-check --disable-default-apps --disable-dev-shm-usage --disable-extensions --disable-features=ImprovedCookieControls,LazyFrameLoading,GlobalMediaControls,DestroyProfileOnBrowserClose,MediaRouter,DialMediaRouteProvider,AcceptCHFrame,AutoExpandDetailsElement,CertificateTransparencyComponentUpdater,AvoidUnnecessaryBeforeUnloadCheckSync,Translate,HttpsUpgrades,PaintHolding,PlzDedicatedWorker --allow-pre-commit-input --disable-hang-monitor --disable-ipc-flooding-protection --disable-popup-blocking --disable-prompt-on-repost --disable-renderer-backgrounding --force-color-profile=srgb --metrics-recording-only --no-first-run --enable-automation --password-store=basic --use-mock-keychain --no-service-autorun --export-tagged-pdf --disable-search-engine-choice-screen --unsafely-disable-devtools-self-xss-warnings --headless=old --hide-scrollbars --mute-audio --blink-settings=primaryHoverType=2,availableHoverTypes=2,primaryPointerType=4,availablePointerTypes=4 --no-sandbox --disable-gpu --single-process --user-data-dir=/tmp/playwright_chromiumdev_profile-XXXXXX2MXLiK --remote-debugging-pipe --no-startup-window
<launched> pid=3049
[pid=3049][err] Old Headless mode will be removed from the Chrome binary soon. Please use the new Headless mode (https://developer.chrome.com/docs/chromium/new-headless) or the chrome-headless-shell which is a standalone implementation of the old Headless mode (https://developer.chrome.com/blog/chrome-headless-shell).
[pid=3049][err] 
[pid=3049][err] [0904/162503.160566:WARNING:audio_manager_linux.cc(53)] Falling back to ALSA for audio output. PulseAudio is not available or could not be initialized.
[pid=3049][err] Received signal 11 SI_KERNEL000000000000
[pid=3049][err]  Possibly a General Protection Fault, can be due to a non-canonical address dereference. See "Intel 64 and IA-32 Architectures Software Developer’s Manual", Volume 1, Section 3.3.7.1.
[pid=3049][err] #0 0x55e470a41442 base::debug::CollectStackTrace()
[pid=3049][err] #1 0x55e470a2e3be base::debug::StackTrace::StackTrace()
[pid=3049][err] #2 0x55e470a40e51 base::debug::(anonymous namespace)::StackDumpSignalHandler()
[pid=3049][err] #3 0x7feb3de42520 (/usr/lib/x86_64-linux-gnu/libc.so.6+0x4251f)
[pid=3049][err] #4 0x7feb3de44c1d getenv
[pid=3049][err] #5 0x55e471387739 IA__FcConfigGetFilename
[pid=3049][err] #6 0x55e4713a4384 FcParseInclude
[pid=3049][err] #7 0x55e4713a3aaf FcEndElement
[pid=3049][err] #8 0x55e4713c24ef xmlParseEndTag1
[pid=3049][err] #9 0x55e4713c5a36 xmlParseChunk
[pid=3049][err] #10 0x55e4713a3067 FcConfigParseAndLoadFromMemoryInternal
[pid=3049][err] #11 0x55e4713a2bac _FcConfigParse
[pid=3049][err] #12 0x55e4713a2c33 _FcConfigParse
[pid=3049][err] #13 0x55e4713a4370 FcParseInclude
[pid=3049][err] #14 0x55e4713a3aaf FcEndElement
[pid=3049][err] #15 0x55e4713c24ef xmlParseEndTag1
[pid=3049][err] #16 0x55e4713c5a36 xmlParseChunk
[pid=3049][err] #17 0x55e4713a3067 FcConfigParseAndLoadFromMemoryInternal
[pid=3049][err] #18 0x55e4713a2bac _FcConfigParse
[pid=3049][err] #19 0x55e4713962cb FcInitLoadOwnConfig
[pid=3049][err] #20 0x55e471396521 IA__FcInitLoadConfigAndFonts
[pid=3049][err] #21 0x55e4713866d1 FcConfigInit
[pid=3049][err] #22 0x55e4714d8945 base::NoDestructor<>::NoDestructor<>()
[pid=3049][err] #23 0x55e4714d88d6 base::internal::Invoker<>::RunOnce()
[pid=3049][err] #24 0x55e4709d235f base::TaskAnnotator::RunTaskImpl()
[pid=3049][err] #25 0x55e4709f6237 base::internal::TaskTracker::RunTaskImpl()
[pid=3049][err] #26 0x55e4709f62d1 base::internal::TaskTracker::RunSkipOnShutdown()
[pid=3049][err] #27 0x55e4709f5f86 base::internal::TaskTracker::RunTask()
[pid=3049][err] #28 0x55e4709f5a55 base::internal::TaskTracker::RunAndPopNextTask()
[pid=3049][err] #29 0x55e470a081e8 base::internal::WorkerThread::RunWorker()
[pid=3049][err] #30 0x55e470a07e4d base::internal::WorkerThread::RunPooledWorker()
[pid=3049][err] #31 0x55e470a07d4d base::internal::WorkerThread::ThreadMain()
[pid=3049][err] #32 0x55e470a24b2a base::(anonymous namespace)::ThreadFunc()
[pid=3049][err] #33 0x7feb3de94ac3 (/usr/lib/x86_64-linux-gnu/libc.so.6+0x94ac2)
[pid=3049][err] #34 0x7feb3df26850 (/usr/lib/x86_64-linux-gnu/libc.so.6+0x12684f)
[pid=3049][err]   r8: 0000039000215400  r9: 00666e6f632e7374 r10: 000000000000003e r11: 0000000000000202
[pid=3049][err]  r12: 005c020090030000 r13: 0000000000000004 r14: 0000000000000002 r15: 000055e469477249
[pid=3049][err]   di: 000055e469477247  si: 00007feb392e0dd0  bp: 0000000000004f48  bx: 0000039000024800
[pid=3049][err]   dx: 000055e469477247  ax: 0000000000000004  cx: 0000000000000000  sp: 00007feb392e09e0
[pid=3049][err]   ip: 00007feb3de44c1d efl: 0000000000010206 cgf: 002b000000000033 erf: 0000000000000000
[pid=3049][err]  trp: 000000000000000d msk: 0000000000000000 cr2: 0000000000000000
[pid=3049][err] [end of stack trace]
Call log:
<launching> /home/runner/.cache/ms-playwright/chromium-1129/chrome-linux/chrome --disable-field-trial-config --disable-background-networking --disable-background-timer-throttling --disable-backgrounding-occluded-windows --disable-back-forward-cache --disable-breakpad --disable-client-side-phishing-detection --disable-component-extensions-with-background-pages --disable-component-update --no-default-browser-check --disable-default-apps --disable-dev-shm-usage --disable-extensions --disable-features=ImprovedCookieControls,LazyFrameLoading,GlobalMediaControls,DestroyProfileOnBrowserClose,MediaRouter,DialMediaRouteProvider,AcceptCHFrame,AutoExpandDetailsElement,CertificateTransparencyComponentUpdater,AvoidUnnecessaryBeforeUnloadCheckSync,Translate,HttpsUpgrades,PaintHolding,PlzDedicatedWorker --allow-pre-commit-input --disable-hang-monitor --disable-ipc-flooding-protection --disable-popup-blocking --disable-prompt-on-repost --disable-renderer-backgrounding --force-color-profile=srgb --metrics-recording-only --no-first-run --enable-automation --password-store=basic --use-mock-keychain --no-service-autorun --export-tagged-pdf --disable-search-engine-choice-screen --unsafely-disable-devtools-self-xss-warnings --headless=old --hide-scrollbars --mute-audio --blink-settings=primaryHoverType=2,availableHoverTypes=2,primaryPointerType=4,availablePointerTypes=4 --no-sandbox --disable-gpu --single-process --user-data-dir=/tmp/playwright_chromiumdev_profile-XXXXXX2MXLiK --remote-debugging-pipe --no-startup-window
  - <launched> pid=3049
  - [pid=3049][err] Old Headless mode will be removed from the Chrome binary soon. Please use the new Headless mode (https://developer.chrome.com/docs/chromium/new-headless) or the chrome-headless-shell which is a standalone implementation of the old Headless mode (https://developer.chrome.com/blog/chrome-headless-shell).
  - [pid=3049][err] 
  - [pid=3049][err] [0904/162503.160566:WARNING:audio_manager_linux.cc(53)] Falling back to ALSA for audio output. PulseAudio is not available or could not be initialized.
  - [pid=3049][err] Received signal 11 SI_KERNEL000000000000
  - [pid=3049][err]  Possibly a General Protection Fault, can be due to a non-canonical address dereference. See "Intel 64 and IA-32 Architectures Software Developer’s Manual", Volume 1, Section 3.3.7.1.
  - [pid=3049][err] #0 0x55e470a41442 base::debug::CollectStackTrace()
  - [pid=3049][err] #1 0x55e470a2e3be base::debug::StackTrace::StackTrace()
  - [pid=3049][err] #2 0x55e470a40e51 base::debug::(anonymous namespace)::StackDumpSignalHandler()
  - [pid=3049][err] #3 0x7feb3de42520 (/usr/lib/x86_64-linux-gnu/libc.so.6+0x4251f)
  - [pid=3049][err] #4 0x7feb3de44c1d getenv
  - [pid=3049][err] #5 0x55e471387739 IA__FcConfigGetFilename
  - [pid=3049][err] #6 0x55e4713a4384 FcParseInclude
  - [pid=3049][err] #7 0x55e4713a3aaf FcEndElement
  - [pid=3049][err] #8 0x55e4713c24ef xmlParseEndTag1
  - [pid=3049][err] #9 0x55e4713c5a36 xmlParseChunk
  - [pid=3049][err] #10 0x55e4713a3067 FcConfigParseAndLoadFromMemoryInternal
  - [pid=3049][err] #11 0x55e4713a2bac _FcConfigParse
  - [pid=3049][err] #12 0x55e4713a2c33 _FcConfigParse
  - [pid=3049][err] #13 0x55e4713a4370 FcParseInclude
  - [pid=3049][err] #14 0x55e4713a3aaf FcEndElement
  - [pid=3049][err] #15 0x55e4713c24ef xmlParseEndTag1
  - [pid=3049][err] #16 0x55e4713c5a36 xmlParseChunk
  - [pid=3049][err] #17 0x55e4713a3067 FcConfigParseAndLoadFromMemoryInternal
  - [pid=3049][err] #18 0x55e4713a2bac _FcConfigParse
  - [pid=3049][err] #19 0x55e4713962cb FcInitLoadOwnConfig
  - [pid=3049][err] #20 0x55e471396521 IA__FcInitLoadConfigAndFonts
  - [pid=3049][err] #21 0x55e4713866d1 FcConfigInit
  - [pid=3049][err] #22 0x55e4714d8945 base::NoDestructor<>::NoDestructor<>()
  - [pid=3049][err] #23 0x55e4714d88d6 base::internal::Invoker<>::RunOnce()
  - [pid=3049][err] #24 0x55e4709d235f base::TaskAnnotator::RunTaskImpl()
  - [pid=3049][err] #25 0x55e4709f6237 base::internal::TaskTracker::RunTaskImpl()
  - [pid=3049][err] #26 0x55e4709f62d1 base::internal::TaskTracker::RunSkipOnShutdown()
  - [pid=3049][err] #27 0x55e4709f5f86 base::internal::TaskTracker::RunTask()
  - [pid=3049][err] #28 0x55e4709f5a55 base::internal::TaskTracker::RunAndPopNextTask()
  - [pid=3049][err] #29 0x55e470a081e8 base::internal::WorkerThread::RunWorker()
  - [pid=3049][err] #30 0x55e470a07e4d base::internal::WorkerThread::RunPooledWorker()
  - [pid=3049][err] #31 0x55e470a07d4d base::internal::WorkerThread::ThreadMain()
  - [pid=3049][err] #32 0x55e470a24b2a base::(anonymous namespace)::ThreadFunc()
  - [pid=3049][err] #33 0x7feb3de94ac3 (/usr/lib/x86_64-linux-gnu/libc.so.6+0x94ac2)
  - [pid=3049][err] #34 0x7feb3df26850 (/usr/lib/x86_64-linux-gnu/libc.so.6+0x12684f)
  - [pid=3049][err]   r8: 0000039000215400  r9: 00666e6f632e7374 r10: 000000000000003e r11: 0000000000000202
  - [pid=3049][err]  r12: 005c020090030000 r13: 0000000000000004 r14: 0000000000000002 r15: 000055e469477249
  - [pid=3049][err]   di: 000055e469477247  si: 00007feb392e0dd0  bp: 0000000000004f48  bx: 0000039000024800
  - [pid=3049][err]   dx: 000055e469477247  ax: 0000000000000004  cx: 0000000000000000  sp: 00007feb392e09e0
  - [pid=3049][err]   ip: 00007feb3de44c1d efl: 0000000000010206 cgf: 002b000000000033 erf: 0000000000000000
  - [pid=3049][err]  trp: 000000000000000d msk: 0000000000000000 cr2: 0000000000000000
  - [pid=3049][err] [end of stack trace]

